[2024-06-24 14:36:50] INFO: Main server started. Logging initialized.
[2024-06-24 14:36:50] INFO: Entering command loop
[2024-06-24 14:36:54] DEBUG: Received command: create 8001
[2024-06-24 14:36:54] INFO: Attempting to create server on port 8001
[2024-06-24 14:36:54] INFO: Created chat server on port 8001
[2024-06-24 14:36:54] INFO: Server 1 started on port 8001. Waiting for connections...
[2024-06-24 14:37:04] INFO: Starting client
[2024-06-24 14:37:10] INFO: Connected to server
[2024-06-24 14:37:19] INFO: User registered successfully
[2024-06-24 14:37:19] INFO: User registered successfully
[2024-06-24 14:37:19] DEBUG: Attempting to authenticate user
[2024-06-24 14:37:19] DEBUG: ghy
[2024-06-24 14:37:19] DEBUG: ghy:     

[2024-06-24 14:37:19] INFO: Authentication successful
[2024-06-24 14:37:19] INFO: User ghy connected from IP 127.0.0.1
[2024-06-24 14:37:28] INFO: Starting client
[2024-06-24 14:37:34] INFO: Connected to server
[2024-06-24 14:37:39] INFO: User registered successfully
[2024-06-24 14:37:39] INFO: User registered successfully
[2024-06-24 14:37:39] DEBUG: Attempting to authenticate user
[2024-06-24 14:37:39] DEBUG: padkpkd
[2024-06-24 14:37:39] DEBUG: ghy:     

[2024-06-24 14:37:39] DEBUG: padkpkd:&-1(&

[2024-06-24 14:37:39] INFO: Authentication successful
[2024-06-24 14:37:39] INFO: User padkpkd connected from IP 127.0.0.1
[2024-06-24 14:37:53] DEBUG: Received command: list
[2024-06-24 14:38:03] DEBUG: Received command: list
[2024-06-24 14:38:07] DEBUG: Received command: exit
[2024-06-24 14:38:07] INFO: Exiting main server
[2024-06-24 14:38:07] INFO: Main server shutting down
